-------------------------------------------------------------------------------
Test set: DAO.CashierDAOTest
-------------------------------------------------------------------------------
Tests run: 6, Failures: 0, Errors: 3, Skipped: 0, Time elapsed: 0.507 s <<< FAILURE! - in DAO.CashierDAOTest
DAO.CashierDAOTest.testGetCashierById  Time elapsed: 0.029 s  <<< ERROR!
java.sql.SQLIntegrityConstraintViolationException: Duplicate entry '123456789V' for key 'cashier.nic'
	at com.mysql.cj.jdbc.exceptions.SQLError.createSQLException(SQLError.java:118)
	at com.mysql.cj.jdbc.exceptions.SQLExceptionsMapping.translateException(SQLExceptionsMapping.java:122)
	at com.mysql.cj.jdbc.ClientPreparedStatement.executeInternal(ClientPreparedStatement.java:912)
	at com.mysql.cj.jdbc.ClientPreparedStatement.executeUpdateInternal(ClientPreparedStatement.java:1054)
	at com.mysql.cj.jdbc.ClientPreparedStatement.executeUpdateInternal(ClientPreparedStatement.java:1003)
	at com.mysql.cj.jdbc.ClientPreparedStatement.executeLargeUpdate(ClientPreparedStatement.java:1312)
	at com.mysql.cj.jdbc.CallableStatement.executeLargeUpdate(CallableStatement.java:2491)
	at com.mysql.cj.jdbc.CallableStatement.executeUpdate(CallableStatement.java:902)
	at DAO.CashierDAO.registerCashier(CashierDAO.java:86)
	at DAO.CashierDAOTest.testGetCashierById(CashierDAOTest.java:34)
	at java.base/java.lang.reflect.Method.invoke(Method.java:568)
	at java.base/java.util.ArrayList.forEach(ArrayList.java:1511)
	at java.base/java.util.ArrayList.forEach(ArrayList.java:1511)

DAO.CashierDAOTest.testRegisterCashier  Time elapsed: 0.014 s  <<< ERROR!
java.sql.SQLIntegrityConstraintViolationException: Duplicate entry '987654321V' for key 'cashier.nic'
	at com.mysql.cj.jdbc.exceptions.SQLError.createSQLException(SQLError.java:118)
	at com.mysql.cj.jdbc.exceptions.SQLExceptionsMapping.translateException(SQLExceptionsMapping.java:122)
	at com.mysql.cj.jdbc.ClientPreparedStatement.executeInternal(ClientPreparedStatement.java:912)
	at com.mysql.cj.jdbc.ClientPreparedStatement.executeUpdateInternal(ClientPreparedStatement.java:1054)
	at com.mysql.cj.jdbc.ClientPreparedStatement.executeUpdateInternal(ClientPreparedStatement.java:1003)
	at com.mysql.cj.jdbc.ClientPreparedStatement.executeLargeUpdate(ClientPreparedStatement.java:1312)
	at com.mysql.cj.jdbc.CallableStatement.executeLargeUpdate(CallableStatement.java:2491)
	at com.mysql.cj.jdbc.CallableStatement.executeUpdate(CallableStatement.java:902)
	at DAO.CashierDAO.registerCashier(CashierDAO.java:86)
	at DAO.CashierDAOTest.testRegisterCashier(CashierDAOTest.java:55)
	at java.base/java.lang.reflect.Method.invoke(Method.java:568)
	at java.base/java.util.ArrayList.forEach(ArrayList.java:1511)
	at java.base/java.util.ArrayList.forEach(ArrayList.java:1511)

DAO.CashierDAOTest.testUpdateCashier  Time elapsed: 0.011 s  <<< ERROR!
java.sql.SQLIntegrityConstraintViolationException: Duplicate entry '456789123V' for key 'cashier.nic'
	at com.mysql.cj.jdbc.exceptions.SQLError.createSQLException(SQLError.java:118)
	at com.mysql.cj.jdbc.exceptions.SQLExceptionsMapping.translateException(SQLExceptionsMapping.java:122)
	at com.mysql.cj.jdbc.ClientPreparedStatement.executeInternal(ClientPreparedStatement.java:912)
	at com.mysql.cj.jdbc.ClientPreparedStatement.executeUpdateInternal(ClientPreparedStatement.java:1054)
	at com.mysql.cj.jdbc.ClientPreparedStatement.executeUpdateInternal(ClientPreparedStatement.java:1003)
	at com.mysql.cj.jdbc.ClientPreparedStatement.executeLargeUpdate(ClientPreparedStatement.java:1312)
	at com.mysql.cj.jdbc.CallableStatement.executeLargeUpdate(CallableStatement.java:2491)
	at com.mysql.cj.jdbc.CallableStatement.executeUpdate(CallableStatement.java:902)
	at DAO.CashierDAO.registerCashier(CashierDAO.java:86)
	at DAO.CashierDAOTest.testUpdateCashier(CashierDAOTest.java:75)
	at java.base/java.lang.reflect.Method.invoke(Method.java:568)
	at java.base/java.util.ArrayList.forEach(ArrayList.java:1511)
	at java.base/java.util.ArrayList.forEach(ArrayList.java:1511)

